0 info it worked if it ends with ok
1 verbose cli [ '/Users/yuta/.nvm/versions/node/v5.10.1/bin/node',
1 verbose cli   '/Users/yuta/.nvm/versions/node/v5.10.1/bin/npm',
1 verbose cli   'run',
1 verbose cli   'webpack:watch' ]
2 info using npm@3.8.3
3 info using node@v5.10.1
4 verbose run-script [ 'prewebpack:watch', 'webpack:watch', 'postwebpack:watch' ]
5 info lifecycle ietopia-appli@1.0.0~prewebpack:watch: ietopia-appli@1.0.0
6 silly lifecycle ietopia-appli@1.0.0~prewebpack:watch: no script for prewebpack:watch, continuing
7 info lifecycle ietopia-appli@1.0.0~webpack:watch: ietopia-appli@1.0.0
8 verbose lifecycle ietopia-appli@1.0.0~webpack:watch: unsafe-perm in lifecycle true
9 verbose lifecycle ietopia-appli@1.0.0~webpack:watch: PATH: /Users/yuta/.nvm/versions/node/v5.10.1/lib/node_modules/npm/bin/node-gyp-bin:/Users/yuta/apps/ietopia-appli/node_modules/.bin:/Users/yuta/.nvm/versions/node/v5.10.1/bin:/Users/yuta/.nvm/versions/node/v5.10.1/bin:/usr/local/bin:/usr/bin:/bin:/usr/sbin:/sbin:/Users/yuta/Documents/FDK-25-MAC.b64958/Tools/osx:/Users/yuta/.composer/vendor/bin:/Users/yuta/bin/FDK/Tools/osx:/Users/yuta/Documents/FDK-25-MAC.b64958/Tools/osx:/Users/yuta/.composer/vendor/bin:/Users/yuta/bin/FDK/Tools/osx
10 verbose lifecycle ietopia-appli@1.0.0~webpack:watch: CWD: /Users/yuta/apps/ietopia-appli
11 silly lifecycle ietopia-appli@1.0.0~webpack:watch: Args: [ '-c', 'webpack --watch ' ]
12 silly lifecycle ietopia-appli@1.0.0~webpack:watch: Returned: code: 1  signal: null
13 info lifecycle ietopia-appli@1.0.0~webpack:watch: Failed to exec webpack:watch script
14 verbose stack Error: ietopia-appli@1.0.0 webpack:watch: `webpack --watch `
14 verbose stack Exit status 1
14 verbose stack     at EventEmitter.<anonymous> (/Users/yuta/.nvm/versions/node/v5.10.1/lib/node_modules/npm/lib/utils/lifecycle.js:239:16)
14 verbose stack     at emitTwo (events.js:100:13)
14 verbose stack     at EventEmitter.emit (events.js:185:7)
14 verbose stack     at ChildProcess.<anonymous> (/Users/yuta/.nvm/versions/node/v5.10.1/lib/node_modules/npm/lib/utils/spawn.js:24:14)
14 verbose stack     at emitTwo (events.js:100:13)
14 verbose stack     at ChildProcess.emit (events.js:185:7)
14 verbose stack     at maybeClose (internal/child_process.js:850:16)
14 verbose stack     at Process.ChildProcess._handle.onexit (internal/child_process.js:215:5)
15 verbose pkgid ietopia-appli@1.0.0
16 verbose cwd /Users/yuta/apps/ietopia-appli
17 error Darwin 16.3.0
18 error argv "/Users/yuta/.nvm/versions/node/v5.10.1/bin/node" "/Users/yuta/.nvm/versions/node/v5.10.1/bin/npm" "run" "webpack:watch"
19 error node v5.10.1
20 error npm  v3.8.3
21 error code ELIFECYCLE
22 error ietopia-appli@1.0.0 webpack:watch: `webpack --watch `
22 error Exit status 1
23 error Failed at the ietopia-appli@1.0.0 webpack:watch script 'webpack --watch '.
23 error Make sure you have the latest version of node.js and npm installed.
23 error If you do, this is most likely a problem with the ietopia-appli package,
23 error not with npm itself.
23 error Tell the author that this fails on your system:
23 error     webpack --watch
23 error You can get information on how to open an issue for this project with:
23 error     npm bugs ietopia-appli
23 error Or if that isn't available, you can get their info via:
23 error     npm owner ls ietopia-appli
23 error There is likely additional logging output above.
24 verbose exit [ 1, true ]
